[      85ms] [INFO] %cDownload the React DevTools for a better development experience: https://react.dev/link/react-devtools font-weight:bold @ http://localhost:4321/node_modules/.vite/deps/chunk-UTQ67KV7.js?v=8c48af40:20102
[     677ms] [ERROR] Failed to load resource: the server responded with a status of 502 (Bad Gateway) @ http://localhost:4321/api/chain-control/4:0
[     701ms] [ERROR] Failed to load resource: the server responded with a status of 502 (Bad Gateway) @ http://localhost:4321/api/chain-control/5:0
[     974ms] [ERROR] Failed to load resource: the server responded with a status of 502 (Bad Gateway) @ http://localhost:4321/api/chain-control/12:0
[    1562ms] [ERROR] Encountered two children with the same key, `%s`. Keys should be unique so that components maintain their identity across updates. Non-unique keys may cause children to be duplicated and/or omitted — the behavior is unsupported and could change in a future version. CMS-D12-1 @ http://localhost:4321/node_modules/.vite/deps/chunk-UTQ67KV7.js?v=8c48af40:4924
[    1587ms] [ERROR] Encountered two children with the same key, `%s`. Keys should be unique so that components maintain their identity across updates. Non-unique keys may cause children to be duplicated and/or omitted — the behavior is unsupported and could change in a future version. CMS-D12-1 @ http://localhost:4321/node_modules/.vite/deps/chunk-UTQ67KV7.js?v=8c48af40:4924
[   60292ms] [ERROR] Failed to load resource: the server responded with a status of 502 (Bad Gateway) @ http://localhost:4321/api/chain-control/5:0
[   60295ms] [ERROR] Failed to load resource: the server responded with a status of 502 (Bad Gateway) @ http://localhost:4321/api/chain-control/4:0
[   60390ms] [ERROR] Encountered two children with the same key, `%s`. Keys should be unique so that components maintain their identity across updates. Non-unique keys may cause children to be duplicated and/or omitted — the behavior is unsupported and could change in a future version. CMS-D12-1 @ http://localhost:4321/node_modules/.vite/deps/chunk-UTQ67KV7.js?v=8c48af40:4924
[   60412ms] [ERROR] Encountered two children with the same key, `%s`. Keys should be unique so that components maintain their identity across updates. Non-unique keys may cause children to be duplicated and/or omitted — the behavior is unsupported and could change in a future version. CMS-D12-1 @ http://localhost:4321/node_modules/.vite/deps/chunk-UTQ67KV7.js?v=8c48af40:4924
[   60519ms] [ERROR] Failed to load resource: the server responded with a status of 502 (Bad Gateway) @ http://localhost:4321/api/chain-control/12:0
[   61363ms] [ERROR] Encountered two children with the same key, `%s`. Keys should be unique so that components maintain their identity across updates. Non-unique keys may cause children to be duplicated and/or omitted — the behavior is unsupported and could change in a future version. CMS-D12-1 @ http://localhost:4321/node_modules/.vite/deps/chunk-UTQ67KV7.js?v=8c48af40:4924
[   61383ms] [ERROR] Encountered two children with the same key, `%s`. Keys should be unique so that components maintain their identity across updates. Non-unique keys may cause children to be duplicated and/or omitted — the behavior is unsupported and could change in a future version. CMS-D12-1 @ http://localhost:4321/node_modules/.vite/deps/chunk-UTQ67KV7.js?v=8c48af40:4924
[   69435ms] [ERROR] Encountered two children with the same key, `%s`. Keys should be unique so that components maintain their identity across updates. Non-unique keys may cause children to be duplicated and/or omitted — the behavior is unsupported and could change in a future version. CMS-D12-1 @ http://localhost:4321/node_modules/.vite/deps/chunk-UTQ67KV7.js?v=8c48af40:4924
[   69455ms] [ERROR] Encountered two children with the same key, `%s`. Keys should be unique so that components maintain their identity across updates. Non-unique keys may cause children to be duplicated and/or omitted — the behavior is unsupported and could change in a future version. CMS-D12-1 @ http://localhost:4321/node_modules/.vite/deps/chunk-UTQ67KV7.js?v=8c48af40:4924
[   69650ms] [ERROR] Failed to load resource: the server responded with a status of 500 (Internal Server Error) @ http://localhost:4321/api/img?src=https%3A%2F%2Fcwwp2.dot.ca.gov%2Fdata%2Fd3%2Fcctv%2Fimage%2Fqstofrsac5nb1%2Fqstofrsac5nb1.jpg:0
[   69650ms] [ERROR] Failed to load resource: the server responded with a status of 500 (Internal Server Error) @ http://localhost:4321/api/img?src=https%3A%2F%2Fcwwp2.dot.ca.gov%2Fdata%2Fd3%2Fcctv%2Fimage%2Fhwy50at4thst%2Fhwy50at4thst.jpg:0
[   69651ms] [ERROR] Failed to load resource: the server responded with a status of 500 (Internal Server Error) @ http://localhost:4321/api/img?src=https%3A%2F%2Fcwwp2.dot.ca.gov%2Fdata%2Fd3%2Fcctv%2Fimage%2Fhwy5atvallejo%2Fhwy5atvallejo.jpg:0
[   69652ms] [ERROR] Failed to load resource: the server responded with a status of 500 (Internal Server Error) @ http://localhost:4321/api/img?src=https%3A%2F%2Fcwwp2.dot.ca.gov%2Fdata%2Fd3%2Fcctv%2Fimage%2Fhwy5nbatwstsliponramp%2Fhwy5nbatwstsliponramp.jpg:0
[   69652ms] [ERROR] Failed to load resource: the server responded with a status of 500 (Internal Server Error) @ http://localhost:4321/api/img?src=https%3A%2F%2Fcwwp2.dot.ca.gov%2Fdata%2Fd3%2Fcctv%2Fimage%2Fhwy5athwy50%2Fhwy5athwy50.jpg:0
[   79964ms] [ERROR] Encountered two children with the same key, `%s`. Keys should be unique so that components maintain their identity across updates. Non-unique keys may cause children to be duplicated and/or omitted — the behavior is unsupported and could change in a future version. CMS-D12-1 @ http://localhost:4321/node_modules/.vite/deps/chunk-UTQ67KV7.js?v=8c48af40:4924
[   79985ms] [ERROR] Encountered two children with the same key, `%s`. Keys should be unique so that components maintain their identity across updates. Non-unique keys may cause children to be duplicated and/or omitted — the behavior is unsupported and could change in a future version. CMS-D12-1 @ http://localhost:4321/node_modules/.vite/deps/chunk-UTQ67KV7.js?v=8c48af40:4924
